c:\users\admin-17417\source\repos\cppclr_winforms_gui1\cppclr_winforms_gui1\x64\release\cppclr_winforms_gui1.pch
c:\users\admin-17417\source\repos\cppclr_winforms_gui1\cppclr_winforms_gui1\x64\release\vc143.pdb
c:\users\admin-17417\source\repos\cppclr_winforms_gui1\cppclr_winforms_gui1\x64\release\pch.obj
c:\users\admin-17417\source\repos\cppclr_winforms_gui1\cppclr_winforms_gui1\x64\release\.netframework,version=v4.7.2.assemblyattributes.obj
c:\users\admin-17417\source\repos\cppclr_winforms_gui1\cppclr_winforms_gui1\x64\release\source.obj
c:\users\admin-17417\source\repos\cppclr_winforms_gui1\cppclr_winforms_gui1\x64\release\callpythonform.obj
c:\users\admin-17417\source\repos\cppclr_winforms_gui1\cppclr_winforms_gui1\x64\release\cppclr_winformsproject.obj
c:\users\admin-17417\source\repos\cppclr_winforms_gui1\cppclr_winforms_gui1\x64\release\assemblyinfo.obj
c:\users\admin-17417\source\repos\cppclr_winforms_gui1\x64\release\cppclr_winforms_gui1.exe
c:\users\admin-17417\source\repos\cppclr_winforms_gui1\x64\release\cppclr_winforms_gui1.pdb
c:\users\admin-17417\source\repos\cppclr_winforms_gui1\cppclr_winforms_gui1\x64\release\app.res
c:\users\admin-17417\source\repos\cppclr_winforms_gui1\cppclr_winforms_gui1\x64\release\cppclr_w.05789320.tlog\cl.command.1.tlog
c:\users\admin-17417\source\repos\cppclr_winforms_gui1\cppclr_winforms_gui1\x64\release\cppclr_w.05789320.tlog\cl.items.tlog
c:\users\admin-17417\source\repos\cppclr_winforms_gui1\cppclr_winforms_gui1\x64\release\cppclr_w.05789320.tlog\cl.read.1.tlog
c:\users\admin-17417\source\repos\cppclr_winforms_gui1\cppclr_winforms_gui1\x64\release\cppclr_w.05789320.tlog\cl.write.1.tlog
c:\users\admin-17417\source\repos\cppclr_winforms_gui1\cppclr_winforms_gui1\x64\release\cppclr_w.05789320.tlog\link.command.1.tlog
c:\users\admin-17417\source\repos\cppclr_winforms_gui1\cppclr_winforms_gui1\x64\release\cppclr_w.05789320.tlog\link.read.1.tlog
c:\users\admin-17417\source\repos\cppclr_winforms_gui1\cppclr_winforms_gui1\x64\release\cppclr_w.05789320.tlog\link.write.1.tlog
c:\users\admin-17417\source\repos\cppclr_winforms_gui1\cppclr_winforms_gui1\x64\release\cppclr_w.05789320.tlog\metagen.read.1.tlog
c:\users\admin-17417\source\repos\cppclr_winforms_gui1\cppclr_winforms_gui1\x64\release\cppclr_w.05789320.tlog\metagen.write.1.tlog
c:\users\admin-17417\source\repos\cppclr_winforms_gui1\cppclr_winforms_gui1\x64\release\cppclr_w.05789320.tlog\rc.command.1.tlog
c:\users\admin-17417\source\repos\cppclr_winforms_gui1\cppclr_winforms_gui1\x64\release\cppclr_w.05789320.tlog\rc.read.1.tlog
c:\users\admin-17417\source\repos\cppclr_winforms_gui1\cppclr_winforms_gui1\x64\release\cppclr_w.05789320.tlog\rc.write.1.tlog
c:\users\admin-17417\source\repos\cppclr_winforms_gui1\cppclr_winforms_gui1\x64\release\cppclr_w.05789320.tlog\resgen.command.1.tlog
c:\users\admin-17417\source\repos\cppclr_winforms_gui1\cppclr_winforms_gui1\x64\release\cppclr_w.05789320.tlog\resgen.read.1.tlog
c:\users\admin-17417\source\repos\cppclr_winforms_gui1\cppclr_winforms_gui1\x64\release\cppclr_w.05789320.tlog\resgen.write.1.tlog
